\BOOKMARK [0][-]{section*.1}{Abstract}{}% 1
\BOOKMARK [0][-]{section*.4}{Acknowledgement}{}% 2
\BOOKMARK [0][-]{section*.6}{Contents}{}% 3
\BOOKMARK [0][-]{section*.8}{List of Figures}{}% 4
\BOOKMARK [0][-]{section*.10}{List of Tables}{}% 5
\BOOKMARK [0][-]{section*.12}{List of Acronyms}{}% 6
\BOOKMARK [0][-]{chapter.1}{Introduction}{}% 7
\BOOKMARK [1][-]{section.1.1}{Motivation}{chapter.1}% 8
\BOOKMARK [2][-]{subsection.1.1.1}{History, Methods, Problems of NLU}{section.1.1}% 9
\BOOKMARK [2][-]{subsection.1.1.2}{Contextualized Word Embeddings in NLU}{section.1.1}% 10
\BOOKMARK [1][-]{section.1.2}{Research Questions}{chapter.1}% 11
\BOOKMARK [1][-]{section.1.3}{Thesis Structure}{chapter.1}% 12
\BOOKMARK [0][-]{chapter.2}{Semantic Roles}{}% 13
\BOOKMARK [1][-]{section.2.1}{Overview}{chapter.2}% 14
\BOOKMARK [0][-]{chapter.3}{Data Sets}{}% 15
\BOOKMARK [1][-]{section.3.1}{gliGLUE}{chapter.3}% 16
\BOOKMARK [2][-]{subsection.3.1.1}{General Issues}{section.3.1}% 17
\BOOKMARK [1][-]{section.3.2}{Corpora}{chapter.3}% 18
\BOOKMARK [2][-]{subsection.3.2.1}{deISEAR}{section.3.2}% 19
\BOOKMARK [3][-]{subsubsection.3.2.1.1}{Statistics}{subsection.3.2.1}% 20
\BOOKMARK [3][-]{subsubsection.3.2.1.2}{SOTA}{subsection.3.2.1}% 21
\BOOKMARK [2][-]{subsection.3.2.2}{MLQA}{section.3.2}% 22
\BOOKMARK [3][-]{subsubsection.3.2.2.1}{Statistics}{subsection.3.2.2}% 23
\BOOKMARK [3][-]{subsubsection.3.2.2.2}{SOTA}{subsection.3.2.2}% 24
\BOOKMARK [2][-]{subsection.3.2.3}{PAWS-X}{section.3.2}% 25
\BOOKMARK [3][-]{subsubsection.3.2.3.1}{Preprocessing}{subsection.3.2.3}% 26
\BOOKMARK [3][-]{subsubsection.3.2.3.2}{Statistics}{subsection.3.2.3}% 27
\BOOKMARK [3][-]{subsubsection.3.2.3.3}{SOTA}{subsection.3.2.3}% 28
\BOOKMARK [2][-]{subsection.3.2.4}{SCARE}{section.3.2}% 29
\BOOKMARK [3][-]{subsubsection.3.2.4.1}{Preprocessing}{subsection.3.2.4}% 30
\BOOKMARK [3][-]{subsubsection.3.2.4.2}{Statistics}{subsection.3.2.4}% 31
\BOOKMARK [3][-]{subsubsection.3.2.4.3}{SOTA}{subsection.3.2.4}% 32
\BOOKMARK [2][-]{subsection.3.2.5}{XNLI}{section.3.2}% 33
\BOOKMARK [3][-]{subsubsection.3.2.5.1}{Statistics}{subsection.3.2.5}% 34
\BOOKMARK [3][-]{subsubsection.3.2.5.2}{SOTA}{subsection.3.2.5}% 35
\BOOKMARK [2][-]{subsection.3.2.6}{XQuAD}{section.3.2}% 36
\BOOKMARK [3][-]{subsubsection.3.2.6.1}{Statistics}{subsection.3.2.6}% 37
\BOOKMARK [3][-]{subsubsection.3.2.6.2}{SOTA}{subsection.3.2.6}% 38
\BOOKMARK [2][-]{subsection.3.2.7}{Overview}{section.3.2}% 39
\BOOKMARK [0][-]{chapter.4}{Architecture}{}% 40
\BOOKMARK [1][-]{section.4.1}{Overview}{chapter.4}% 41
\BOOKMARK [1][-]{section.4.2}{BERT module}{chapter.4}% 42
\BOOKMARK [1][-]{section.4.3}{SRL Module}{chapter.4}% 43
\BOOKMARK [2][-]{subsection.4.3.1}{Finding Predicates}{section.4.3}% 44
\BOOKMARK [2][-]{subsection.4.3.2}{Ensuring Tokenization Equivalence}{section.4.3}% 45
\BOOKMARK [2][-]{subsection.4.3.3}{DAMESRL}{section.4.3}% 46
\BOOKMARK [2][-]{subsection.4.3.4}{GRU}{section.4.3}% 47
\BOOKMARK [1][-]{section.4.4}{combination}{chapter.4}% 48
\BOOKMARK [2][-]{subsection.4.4.1}{Aligning BERT subtokens with SRL tokens}{section.4.4}% 49
\BOOKMARK [1][-]{section.4.5}{Head Module}{chapter.4}% 50
\BOOKMARK [2][-]{subsection.4.5.1}{Classifiction}{section.4.5}% 51
\BOOKMARK [3][-]{subsubsection.4.5.1.1}{[CLS] Head}{subsection.4.5.1}% 52
\BOOKMARK [3][-]{subsubsection.4.5.1.2}{FFNN Head}{subsection.4.5.1}% 53
\BOOKMARK [3][-]{subsubsection.4.5.1.3}{GRU Head}{subsection.4.5.1}% 54
\BOOKMARK [2][-]{subsection.4.5.2}{Question Answering}{section.4.5}% 55
\BOOKMARK [3][-]{subsubsection.4.5.2.1}{Span Prediction Head}{subsection.4.5.2}% 56
\BOOKMARK [0][-]{chapter.5}{Results}{}% 57
\BOOKMARK [1][-]{section.5.1}{Data Set Results}{chapter.5}% 58
\BOOKMARK [2][-]{subsection.5.1.1}{Testing for Statistical Significance}{section.5.1}% 59
\BOOKMARK [3][-]{subsubsection.5.1.1.1}{Example Case for XNLI}{subsection.5.1.1}% 60
\BOOKMARK [1][-]{section.5.2}{Register Noise}{chapter.5}% 61
\BOOKMARK [1][-]{section.5.3}{Label Noise}{chapter.5}% 62
\BOOKMARK [1][-]{section.5.4}{Translation Noise}{chapter.5}% 63
\BOOKMARK [1][-]{section.5.5}{SRL Noise}{chapter.5}% 64
\BOOKMARK [1][-]{section.5.6}{Ablation study}{chapter.5}% 65
\BOOKMARK [0][-]{chapter.6}{Conclusion}{}% 66
\BOOKMARK [0][-]{section*.53}{Glossary}{}% 67
\BOOKMARK [0][-]{section*.55}{References}{}% 68
\BOOKMARK [0][-]{section*.57}{Lebenslauf}{}% 69
\BOOKMARK [0][-]{appendix.A}{Tables}{}% 70
\BOOKMARK [0][-]{appendix.B}{List of something}{}% 71
